Warning: Equate pins:  cell sky130_fd_pr__cap_mim_m3_1 is a placeholder, treated as a black box.
Warning: Equate pins:  cell sky130_fd_pr__cap_mim_m3_1 is a placeholder, treated as a black box.

Subcircuit pins:
Circuit 1: sky130_fd_pr__cap_mim_m3_1                                             |Circuit 2: sky130_fd_pr__cap_mim_m3_1                                             
----------------------------------------------------------------------------------|----------------------------------------------------------------------------------
1                                                                                 |1                                                                                 
2                                                                                 |2                                                                                 
---------------------------------------------------------------------------------------------------------------------------------------------------------------------
Cell pin lists are equivalent.
Device classes sky130_fd_pr__cap_mim_m3_1 and sky130_fd_pr__cap_mim_m3_1 are equivalent.
Warning: Equate pins:  cell sky130_fd_pr__nfet_01v8 is a placeholder, treated as a black box.
Warning: Equate pins:  cell sky130_fd_pr__nfet_01v8 is a placeholder, treated as a black box.

Subcircuit pins:
Circuit 1: sky130_fd_pr__nfet_01v8                                                |Circuit 2: sky130_fd_pr__nfet_01v8                                                
----------------------------------------------------------------------------------|----------------------------------------------------------------------------------
1                                                                                 |1                                                                                 
2                                                                                 |2                                                                                 
3                                                                                 |3                                                                                 
4                                                                                 |4                                                                                 
---------------------------------------------------------------------------------------------------------------------------------------------------------------------
Cell pin lists are equivalent.
Device classes sky130_fd_pr__nfet_01v8 and sky130_fd_pr__nfet_01v8 are equivalent.
Warning: Equate pins:  cell sky130_fd_pr__pfet_01v8 is a placeholder, treated as a black box.
Warning: Equate pins:  cell sky130_fd_pr__pfet_01v8 is a placeholder, treated as a black box.

Subcircuit pins:
Circuit 1: sky130_fd_pr__pfet_01v8                                                |Circuit 2: sky130_fd_pr__pfet_01v8                                                
----------------------------------------------------------------------------------|----------------------------------------------------------------------------------
1                                                                                 |1                                                                                 
2                                                                                 |2                                                                                 
3                                                                                 |3                                                                                 
4                                                                                 |4                                                                                 
---------------------------------------------------------------------------------------------------------------------------------------------------------------------
Cell pin lists are equivalent.
Device classes sky130_fd_pr__pfet_01v8 and sky130_fd_pr__pfet_01v8 are equivalent.
Warning: Equate pins:  cell sky130_fd_pr__pfet_01v8_hvt is a placeholder, treated as a black box.
Warning: Equate pins:  cell sky130_fd_pr__pfet_01v8_hvt is a placeholder, treated as a black box.

Subcircuit pins:
Circuit 1: sky130_fd_pr__pfet_01v8_hvt                                            |Circuit 2: sky130_fd_pr__pfet_01v8_hvt                                            
----------------------------------------------------------------------------------|----------------------------------------------------------------------------------
1                                                                                 |1                                                                                 
2                                                                                 |2                                                                                 
3                                                                                 |3                                                                                 
4                                                                                 |4                                                                                 
---------------------------------------------------------------------------------------------------------------------------------------------------------------------
Cell pin lists are equivalent.
Device classes sky130_fd_pr__pfet_01v8_hvt and sky130_fd_pr__pfet_01v8_hvt are equivalent.
Flattening unmatched subcell cap32 in circuit capacitor_array (1)(4 instances)
Flattening unmatched subcell sky130_fd_pr__cap_mim_m3_1_H9XL9H in circuit capacitor_array (1)(128 instances)
Flattening unmatched subcell cap8 in circuit capacitor_array (1)(4 instances)
Flattening unmatched subcell sky130_fd_pr__cap_mim_m3_1_H9XL9H in circuit capacitor_array (1)(32 instances)
Flattening unmatched subcell cap64 in circuit capacitor_array (1)(4 instances)
Flattening unmatched subcell sky130_fd_pr__cap_mim_m3_1_H9XL9H in circuit capacitor_array (1)(256 instances)
Flattening unmatched subcell cap4 in circuit capacitor_array (1)(4 instances)
Flattening unmatched subcell sky130_fd_pr__cap_mim_m3_1_H9XL9H in circuit capacitor_array (1)(16 instances)
Flattening unmatched subcell cap16 in circuit capacitor_array (1)(4 instances)
Flattening unmatched subcell sky130_fd_pr__cap_mim_m3_1_H9XL9H in circuit capacitor_array (1)(64 instances)
Flattening unmatched subcell cap2 in circuit capacitor_array (1)(4 instances)
Flattening unmatched subcell sky130_fd_pr__cap_mim_m3_1_H9XL9H in circuit capacitor_array (1)(8 instances)
Flattening unmatched subcell cap1 in circuit capacitor_array (1)(6 instances)
Flattening unmatched subcell sky130_fd_pr__cap_mim_m3_1_H9XL9H in circuit capacitor_array (1)(6 instances)
Flattening unmatched subcell cap128 in circuit capacitor_array (1)(4 instances)
Flattening unmatched subcell sky130_fd_pr__cap_mim_m3_1_H9XL9H in circuit capacitor_array (1)(512 instances)

Class capacitor_array (1):  Merged 988 parallel devices.
Subcircuit summary:
Circuit 1: capacitor_array                                                        |Circuit 2: capacitor_array                                                        
----------------------------------------------------------------------------------|----------------------------------------------------------------------------------
sky130_fd_pr__cap_mim_m3_1 (1022->34)                                             |sky130_fd_pr__cap_mim_m3_1 (1022->34)                                             
Number of devices: 34                                                             |Number of devices: 34                                                             
Number of nets: 36                                                                |Number of nets: 36                                                                
---------------------------------------------------------------------------------------------------------------------------------------------------------------------
Resolving automorphisms by property value.
Resolving automorphisms by pin name.
Netlists match uniquely.
Circuits match correctly.

Subcircuit pins:
Circuit 1: capacitor_array                                                        |Circuit 2: capacitor_array                                                        
----------------------------------------------------------------------------------|----------------------------------------------------------------------------------
Vin_p                                                                             |Vin_p                                                                             
Vin_n                                                                             |Vin_n                                                                             
sw_sp_p9                                                                          |sw_sp_p9                                                                          
sw_p8                                                                             |sw_p8                                                                             
sw_sp_p8                                                                          |sw_sp_p8                                                                          
sw_sp_n9                                                                          |sw_sp_n9                                                                          
sw_n8                                                                             |sw_n8                                                                             
sw_sp_n8                                                                          |sw_sp_n8                                                                          
sw_p7                                                                             |sw_p7                                                                             
sw_sp_p7                                                                          |sw_sp_p7                                                                          
sw_n7                                                                             |sw_n7                                                                             
sw_sp_n7                                                                          |sw_sp_n7                                                                          
sw_p6                                                                             |sw_p6                                                                             
sw_sp_p6                                                                          |sw_sp_p6                                                                          
sw_n6                                                                             |sw_n6                                                                             
sw_sp_n6                                                                          |sw_sp_n6                                                                          
sw_p5                                                                             |sw_p5                                                                             
sw_sp_p5                                                                          |sw_sp_p5                                                                          
sw_n5                                                                             |sw_n5                                                                             
sw_sp_n5                                                                          |sw_sp_n5                                                                          
sw_p4                                                                             |sw_p4                                                                             
sw_sp_p4                                                                          |sw_sp_p4                                                                          
sw_n4                                                                             |sw_n4                                                                             
sw_sp_n4                                                                          |sw_sp_n4                                                                          
sw_p3                                                                             |sw_p3                                                                             
sw_sp_p3                                                                          |sw_sp_p3                                                                          
sw_n3                                                                             |sw_n3                                                                             
sw_sp_n3                                                                          |sw_sp_n3                                                                          
sw_p2                                                                             |sw_p2                                                                             
sw_sp_p2                                                                          |sw_sp_p2                                                                          
sw_n2                                                                             |sw_n2                                                                             
sw_sp_n2                                                                          |sw_sp_n2                                                                          
sw_p1                                                                             |sw_p1                                                                             
sw_sp_p1                                                                          |sw_sp_p1                                                                          
sw_n1                                                                             |sw_n1                                                                             
sw_sp_n1                                                                          |sw_sp_n1                                                                          
---------------------------------------------------------------------------------------------------------------------------------------------------------------------
Cell pin lists are equivalent.
Device classes capacitor_array and capacitor_array are equivalent.
Flattening unmatched subcell sky130_fd_pr__pfet_01v8_46WN3R in circuit capacitor_switch16 (1)(1 instance)
Flattening unmatched subcell sky130_fd_pr__nfet_01v8_9CGS2F in circuit capacitor_switch16 (1)(1 instance)
Flattening unmatched subcell sky130_fd_pr__pfet_01v8_BBAHKR in circuit capacitor_switch16 (1)(1 instance)
Flattening unmatched subcell sky130_fd_pr__nfet_01v8_HRFJZU in circuit capacitor_switch16 (1)(1 instance)
Flattening unmatched subcell sky130_fd_pr__pfet_01v8_BBSRKR in circuit capacitor_switch16 (1)(1 instance)
Flattening unmatched subcell sky130_fd_pr__nfet_01v8_5EDJZL in circuit capacitor_switch16 (1)(1 instance)
Flattening unmatched subcell sky130_fd_pr__nfet_01v8_29RM5N in circuit capacitor_switch16 (1)(1 instance)
Flattening unmatched subcell sky130_fd_pr__pfet_01v8_2FR7QD in circuit capacitor_switch16 (1)(1 instance)

Class capacitor_switch16 (1):  Merged 50 parallel devices.
Subcircuit summary:
Circuit 1: capacitor_switch16                                                     |Circuit 2: capacitor_switch16                                                     
----------------------------------------------------------------------------------|----------------------------------------------------------------------------------
sky130_fd_pr__nfet_01v8 (29->4)                                                   |sky130_fd_pr__nfet_01v8 (29->4)                                                   
sky130_fd_pr__pfet_01v8 (29->4)                                                   |sky130_fd_pr__pfet_01v8 (29->4)                                                   
Number of devices: 8                                                              |Number of devices: 8                                                              
Number of nets: 7                                                                 |Number of nets: 7                                                                 
---------------------------------------------------------------------------------------------------------------------------------------------------------------------
Circuits match uniquely.
Netlists match uniquely.

Subcircuit pins:
Circuit 1: capacitor_switch16                                                     |Circuit 2: capacitor_switch16                                                     
----------------------------------------------------------------------------------|----------------------------------------------------------------------------------
VDD                                                                               |VDD                                                                               
VSS                                                                               |VSS                                                                               
Vin                                                                               |Vin                                                                               
Vout                                                                              |Vout                                                                              
---------------------------------------------------------------------------------------------------------------------------------------------------------------------
Cell pin lists are equivalent.
Device classes capacitor_switch16 and capacitor_switch16 are equivalent.
Flattening unmatched subcell sky130_fd_pr__nfet_01v8_9CGS2F in circuit capacitor_switch8 (1)(1 instance)
Flattening unmatched subcell sky130_fd_pr__pfet_01v8_46WN3R in circuit capacitor_switch8 (1)(1 instance)
Flattening unmatched subcell sky130_fd_pr__nfet_01v8_5XXJZ8 in circuit capacitor_switch8 (1)(1 instance)
Flattening unmatched subcell sky130_fd_pr__pfet_01v8_CBMBZG in circuit capacitor_switch8 (1)(1 instance)
Flattening unmatched subcell sky130_fd_pr__nfet_01v8_ZDVJZL in circuit capacitor_switch8 (1)(1 instance)
Flattening unmatched subcell sky130_fd_pr__pfet_01v8_CBDHKH in circuit capacitor_switch8 (1)(1 instance)
Flattening unmatched subcell sky130_fd_pr__nfet_01v8_MRXJZU in circuit capacitor_switch8 (1)(1 instance)
Flattening unmatched subcell sky130_fd_pr__pfet_01v8_CBVRKH in circuit capacitor_switch8 (1)(1 instance)

Class capacitor_switch8 (1):  Merged 22 parallel devices.
Subcircuit summary:
Circuit 1: capacitor_switch8                                                      |Circuit 2: capacitor_switch8                                                      
----------------------------------------------------------------------------------|----------------------------------------------------------------------------------
sky130_fd_pr__nfet_01v8 (15->4)                                                   |sky130_fd_pr__nfet_01v8 (15->4)                                                   
sky130_fd_pr__pfet_01v8 (15->4)                                                   |sky130_fd_pr__pfet_01v8 (15->4)                                                   
Number of devices: 8                                                              |Number of devices: 8                                                              
Number of nets: 7                                                                 |Number of nets: 7                                                                 
---------------------------------------------------------------------------------------------------------------------------------------------------------------------
Circuits match uniquely.
Netlists match uniquely.

Subcircuit pins:
Circuit 1: capacitor_switch8                                                      |Circuit 2: capacitor_switch8                                                      
----------------------------------------------------------------------------------|----------------------------------------------------------------------------------
VSS                                                                               |VSS                                                                               
VDD                                                                               |VDD                                                                               
Vin                                                                               |Vin                                                                               
Vout                                                                              |Vout                                                                              
---------------------------------------------------------------------------------------------------------------------------------------------------------------------
Cell pin lists are equivalent.
Device classes capacitor_switch8 and capacitor_switch8 are equivalent.
Flattening unmatched subcell sky130_fd_pr__pfet_01v8_46WN3R in circuit capacitor_switch4 (1)(1 instance)
Flattening unmatched subcell sky130_fd_pr__nfet_01v8_ZZU2YL in circuit capacitor_switch4 (1)(1 instance)
Flattening unmatched subcell sky130_fd_pr__nfet_01v8_9CGS2F in circuit capacitor_switch4 (1)(1 instance)
Flattening unmatched subcell sky130_fd_pr__pfet_01v8_C7DZJH in circuit capacitor_switch4 (1)(1 instance)

Class capacitor_switch4 (1):  Merged 6 parallel devices.
Subcircuit summary:
Circuit 1: capacitor_switch4                                                      |Circuit 2: capacitor_switch4                                                      
----------------------------------------------------------------------------------|----------------------------------------------------------------------------------
sky130_fd_pr__nfet_01v8 (5->2)                                                    |sky130_fd_pr__nfet_01v8 (5->2)                                                    
sky130_fd_pr__pfet_01v8 (5->2)                                                    |sky130_fd_pr__pfet_01v8 (5->2)                                                    
Number of devices: 4                                                              |Number of devices: 4                                                              
Number of nets: 5                                                                 |Number of nets: 5                                                                 
---------------------------------------------------------------------------------------------------------------------------------------------------------------------
Circuits match uniquely.
Netlists match uniquely.

Subcircuit pins:
Circuit 1: capacitor_switch4                                                      |Circuit 2: capacitor_switch4                                                      
----------------------------------------------------------------------------------|----------------------------------------------------------------------------------
Vin                                                                               |Vin                                                                               
Vout                                                                              |Vout                                                                              
VDD                                                                               |VDD                                                                               
VSS                                                                               |VSS                                                                               
---------------------------------------------------------------------------------------------------------------------------------------------------------------------
Cell pin lists are equivalent.
Device classes capacitor_switch4 and capacitor_switch4 are equivalent.
Flattening unmatched subcell sky130_fd_pr__pfet_01v8_S6MTYS in circuit capacitor_switch2 (1)(1 instance)
Flattening unmatched subcell sky130_fd_pr__nfet_01v8_9CME3F in circuit capacitor_switch2 (1)(1 instance)
Flattening unmatched subcell sky130_fd_pr__nfet_01v8_Z2KCLS in circuit capacitor_switch2 (1)(1 instance)
Flattening unmatched subcell sky130_fd_pr__pfet_01v8_5AWN3K in circuit capacitor_switch2 (1)(1 instance)

Class capacitor_switch2 (1):  Merged 1 parallel devices.
Subcircuit summary:
Circuit 1: capacitor_switch2                                                      |Circuit 2: capacitor_switch2                                                      
----------------------------------------------------------------------------------|----------------------------------------------------------------------------------
sky130_fd_pr__nfet_01v8 (3->2)                                                    |sky130_fd_pr__nfet_01v8 (2)                                                       
sky130_fd_pr__pfet_01v8 (3->2)                                                    |sky130_fd_pr__pfet_01v8 (3->2)                                                    
Number of devices: 4                                                              |Number of devices: 4                                                              
Number of nets: 5                                                                 |Number of nets: 5                                                                 
---------------------------------------------------------------------------------------------------------------------------------------------------------------------
Circuits match uniquely.
Netlists match uniquely.

Subcircuit pins:
Circuit 1: capacitor_switch2                                                      |Circuit 2: capacitor_switch2                                                      
----------------------------------------------------------------------------------|----------------------------------------------------------------------------------
Vout                                                                              |Vout                                                                              
Vin                                                                               |Vin                                                                               
VDD                                                                               |VDD                                                                               
VSS                                                                               |VSS                                                                               
---------------------------------------------------------------------------------------------------------------------------------------------------------------------
Cell pin lists are equivalent.
Device classes capacitor_switch2 and capacitor_switch2 are equivalent.

Class sky130_fd_sc_hd__bufbuf_16 (0):  Merged 44 parallel devices.
Class sky130_fd_sc_hd__bufbuf_16 (1):  Merged 44 parallel devices.
Subcircuit summary:
Circuit 1: sky130_fd_sc_hd__bufbuf_16                                             |Circuit 2: sky130_fd_sc_hd__bufbuf_16                                             
----------------------------------------------------------------------------------|----------------------------------------------------------------------------------
sky130_fd_pr__pfet_01v8_hvt (26->4)                                               |sky130_fd_pr__pfet_01v8_hvt (26->4)                                               
sky130_fd_pr__nfet_01v8 (26->4)                                                   |sky130_fd_pr__nfet_01v8 (26->4)                                                   
Number of devices: 8                                                              |Number of devices: 8                                                              
Number of nets: 9                                                                 |Number of nets: 9                                                                 
---------------------------------------------------------------------------------------------------------------------------------------------------------------------
Circuits match uniquely.
Netlists match uniquely.

Subcircuit pins:
Circuit 1: sky130_fd_sc_hd__bufbuf_16                                             |Circuit 2: sky130_fd_sc_hd__bufbuf_16                                             
----------------------------------------------------------------------------------|----------------------------------------------------------------------------------
VPWR                                                                              |VPWR                                                                              
VPB                                                                               |VPB                                                                               
VGND                                                                              |VGND                                                                              
VNB                                                                               |VNB                                                                               
X                                                                                 |X                                                                                 
A                                                                                 |A                                                                                 
---------------------------------------------------------------------------------------------------------------------------------------------------------------------
Cell pin lists are equivalent.
Device classes sky130_fd_sc_hd__bufbuf_16 and sky130_fd_sc_hd__bufbuf_16 are equivalent.

Cell sky130_fd_sc_hd__diode_2 (0) disconnected node: VGND
Cell sky130_fd_sc_hd__diode_2 (0) disconnected node: VPB
Cell sky130_fd_sc_hd__diode_2 (0) disconnected node: VPWR
Cell sky130_fd_sc_hd__diode_2 (1) disconnected node: VGND
Cell sky130_fd_sc_hd__diode_2 (1) disconnected node: VPB
Cell sky130_fd_sc_hd__diode_2 (1) disconnected node: VPWR
Subcircuit summary:
Circuit 1: sky130_fd_sc_hd__diode_2                                               |Circuit 2: sky130_fd_sc_hd__diode_2                                               
----------------------------------------------------------------------------------|----------------------------------------------------------------------------------
sky130_fd_pr__diode_pw2nd_05v5 (1)                                                |sky130_fd_pr__diode_pw2nd_05v5 (1)                                                
Number of devices: 1                                                              |Number of devices: 1                                                              
Number of nets: 2                                                                 |Number of nets: 2                                                                 
---------------------------------------------------------------------------------------------------------------------------------------------------------------------
Circuits match uniquely.
Netlists match uniquely.

Subcircuit pins:
Circuit 1: sky130_fd_sc_hd__diode_2                                               |Circuit 2: sky130_fd_sc_hd__diode_2                                               
----------------------------------------------------------------------------------|----------------------------------------------------------------------------------
VNB                                                                               |VNB                                                                               
DIODE                                                                             |DIODE                                                                             
VGND                                                                              |VGND                                                                              
VPB                                                                               |VPB                                                                               
VPWR                                                                              |VPWR                                                                              
---------------------------------------------------------------------------------------------------------------------------------------------------------------------
Cell pin lists are equivalent.
Device classes sky130_fd_sc_hd__diode_2 and sky130_fd_sc_hd__diode_2 are equivalent.

Subcircuit summary:
Circuit 1: sky130_fd_sc_hd__buf_1                                                 |Circuit 2: sky130_fd_sc_hd__buf_1                                                 
----------------------------------------------------------------------------------|----------------------------------------------------------------------------------
sky130_fd_pr__nfet_01v8 (2)                                                       |sky130_fd_pr__nfet_01v8 (2)                                                       
sky130_fd_pr__pfet_01v8_hvt (2)                                                   |sky130_fd_pr__pfet_01v8_hvt (2)                                                   
Number of devices: 4                                                              |Number of devices: 4                                                              
Number of nets: 7                                                                 |Number of nets: 7                                                                 
---------------------------------------------------------------------------------------------------------------------------------------------------------------------
Circuits match uniquely.
Netlists match uniquely.

Subcircuit pins:
Circuit 1: sky130_fd_sc_hd__buf_1                                                 |Circuit 2: sky130_fd_sc_hd__buf_1                                                 
----------------------------------------------------------------------------------|----------------------------------------------------------------------------------
VPWR                                                                              |VPWR                                                                              
A                                                                                 |A                                                                                 
VPB                                                                               |VPB                                                                               
X                                                                                 |X                                                                                 
VGND                                                                              |VGND                                                                              
VNB                                                                               |VNB                                                                               
---------------------------------------------------------------------------------------------------------------------------------------------------------------------
Cell pin lists are equivalent.
Device classes sky130_fd_sc_hd__buf_1 and sky130_fd_sc_hd__buf_1 are equivalent.

Class sky130_fd_sc_hd__buf_4 (0):  Merged 6 parallel devices.
Class sky130_fd_sc_hd__buf_4 (1):  Merged 6 parallel devices.
Subcircuit summary:
Circuit 1: sky130_fd_sc_hd__buf_4                                                 |Circuit 2: sky130_fd_sc_hd__buf_4                                                 
----------------------------------------------------------------------------------|----------------------------------------------------------------------------------
sky130_fd_pr__nfet_01v8 (5->2)                                                    |sky130_fd_pr__nfet_01v8 (5->2)                                                    
sky130_fd_pr__pfet_01v8_hvt (5->2)                                                |sky130_fd_pr__pfet_01v8_hvt (5->2)                                                
Number of devices: 4                                                              |Number of devices: 4                                                              
Number of nets: 7                                                                 |Number of nets: 7                                                                 
---------------------------------------------------------------------------------------------------------------------------------------------------------------------
Circuits match uniquely.
Netlists match uniquely.

Subcircuit pins:
Circuit 1: sky130_fd_sc_hd__buf_4                                                 |Circuit 2: sky130_fd_sc_hd__buf_4                                                 
----------------------------------------------------------------------------------|----------------------------------------------------------------------------------
VPWR                                                                              |VPWR                                                                              
X                                                                                 |X                                                                                 
VPB                                                                               |VPB                                                                               
VGND                                                                              |VGND                                                                              
VNB                                                                               |VNB                                                                               
A                                                                                 |A                                                                                 
---------------------------------------------------------------------------------------------------------------------------------------------------------------------
Cell pin lists are equivalent.
Device classes sky130_fd_sc_hd__buf_4 and sky130_fd_sc_hd__buf_4 are equivalent.

Class sky130_fd_sc_hd__buf_8 (0):  Merged 18 parallel devices.
Class sky130_fd_sc_hd__buf_8 (1):  Merged 18 parallel devices.
Subcircuit summary:
Circuit 1: sky130_fd_sc_hd__buf_8                                                 |Circuit 2: sky130_fd_sc_hd__buf_8                                                 
----------------------------------------------------------------------------------|----------------------------------------------------------------------------------
sky130_fd_pr__nfet_01v8 (11->2)                                                   |sky130_fd_pr__nfet_01v8 (11->2)                                                   
sky130_fd_pr__pfet_01v8_hvt (11->2)                                               |sky130_fd_pr__pfet_01v8_hvt (11->2)                                               
Number of devices: 4                                                              |Number of devices: 4                                                              
Number of nets: 7                                                                 |Number of nets: 7                                                                 
---------------------------------------------------------------------------------------------------------------------------------------------------------------------
Circuits match uniquely.
Netlists match uniquely.

Subcircuit pins:
Circuit 1: sky130_fd_sc_hd__buf_8                                                 |Circuit 2: sky130_fd_sc_hd__buf_8                                                 
----------------------------------------------------------------------------------|----------------------------------------------------------------------------------
X                                                                                 |X                                                                                 
VGND                                                                              |VGND                                                                              
VNB                                                                               |VNB                                                                               
VPWR                                                                              |VPWR                                                                              
VPB                                                                               |VPB                                                                               
A                                                                                 |A                                                                                 
---------------------------------------------------------------------------------------------------------------------------------------------------------------------
Cell pin lists are equivalent.
Device classes sky130_fd_sc_hd__buf_8 and sky130_fd_sc_hd__buf_8 are equivalent.

Subcircuit summary:
Circuit 1: sky130_fd_sc_hd__clkdlybuf4s15_1                                       |Circuit 2: sky130_fd_sc_hd__clkdlybuf4s15_1                                       
----------------------------------------------------------------------------------|----------------------------------------------------------------------------------
sky130_fd_pr__pfet_01v8_hvt (4)                                                   |sky130_fd_pr__pfet_01v8_hvt (4)                                                   
sky130_fd_pr__nfet_01v8 (4)                                                       |sky130_fd_pr__nfet_01v8 (4)                                                       
Number of devices: 8                                                              |Number of devices: 8                                                              
Number of nets: 9                                                                 |Number of nets: 9                                                                 
---------------------------------------------------------------------------------------------------------------------------------------------------------------------
Circuits match uniquely.
Netlists match uniquely.

Subcircuit pins:
Circuit 1: sky130_fd_sc_hd__clkdlybuf4s15_1                                       |Circuit 2: sky130_fd_sc_hd__clkdlybuf4s15_1                                       
----------------------------------------------------------------------------------|----------------------------------------------------------------------------------
A                                                                                 |A                                                                                 
X                                                                                 |X                                                                                 
VPWR                                                                              |VPWR                                                                              
VPB                                                                               |VPB                                                                               
VGND                                                                              |VGND                                                                              
VNB                                                                               |VNB                                                                               
---------------------------------------------------------------------------------------------------------------------------------------------------------------------
Cell pin lists are equivalent.
Device classes sky130_fd_sc_hd__clkdlybuf4s15_1 and sky130_fd_sc_hd__clkdlybuf4s15_1 are equivalent.

Class sky130_fd_sc_hd__buf_2 (0):  Merged 2 parallel devices.
Class sky130_fd_sc_hd__buf_2 (1):  Merged 2 parallel devices.
Subcircuit summary:
Circuit 1: sky130_fd_sc_hd__buf_2                                                 |Circuit 2: sky130_fd_sc_hd__buf_2                                                 
----------------------------------------------------------------------------------|----------------------------------------------------------------------------------
sky130_fd_pr__nfet_01v8 (3->2)                                                    |sky130_fd_pr__nfet_01v8 (3->2)                                                    
sky130_fd_pr__pfet_01v8_hvt (3->2)                                                |sky130_fd_pr__pfet_01v8_hvt (3->2)                                                
Number of devices: 4                                                              |Number of devices: 4                                                              
Number of nets: 7                                                                 |Number of nets: 7                                                                 
---------------------------------------------------------------------------------------------------------------------------------------------------------------------
Circuits match uniquely.
Netlists match uniquely.

Subcircuit pins:
Circuit 1: sky130_fd_sc_hd__buf_2                                                 |Circuit 2: sky130_fd_sc_hd__buf_2                                                 
----------------------------------------------------------------------------------|----------------------------------------------------------------------------------
VPWR                                                                              |VPWR                                                                              
X                                                                                 |X                                                                                 
VPB                                                                               |VPB                                                                               
A                                                                                 |A                                                                                 
VGND                                                                              |VGND                                                                              
VNB                                                                               |VNB                                                                               
---------------------------------------------------------------------------------------------------------------------------------------------------------------------
Cell pin lists are equivalent.
Device classes sky130_fd_sc_hd__buf_2 and sky130_fd_sc_hd__buf_2 are equivalent.

Subcircuit summary:
Circuit 1: sky130_fd_sc_hd__clkdlybuf4s50_1                                       |Circuit 2: sky130_fd_sc_hd__clkdlybuf4s50_1                                       
----------------------------------------------------------------------------------|----------------------------------------------------------------------------------
sky130_fd_pr__nfet_01v8 (4)                                                       |sky130_fd_pr__nfet_01v8 (4)                                                       
sky130_fd_pr__pfet_01v8_hvt (4)                                                   |sky130_fd_pr__pfet_01v8_hvt (4)                                                   
Number of devices: 8                                                              |Number of devices: 8                                                              
Number of nets: 9                                                                 |Number of nets: 9                                                                 
---------------------------------------------------------------------------------------------------------------------------------------------------------------------
Circuits match uniquely.
Netlists match uniquely.

Subcircuit pins:
Circuit 1: sky130_fd_sc_hd__clkdlybuf4s50_1                                       |Circuit 2: sky130_fd_sc_hd__clkdlybuf4s50_1                                       
----------------------------------------------------------------------------------|----------------------------------------------------------------------------------
A                                                                                 |A                                                                                 
X                                                                                 |X                                                                                 
VPWR                                                                              |VPWR                                                                              
VPB                                                                               |VPB                                                                               
VGND                                                                              |VGND                                                                              
VNB                                                                               |VNB                                                                               
---------------------------------------------------------------------------------------------------------------------------------------------------------------------
Cell pin lists are equivalent.
Device classes sky130_fd_sc_hd__clkdlybuf4s50_1 and sky130_fd_sc_hd__clkdlybuf4s50_1 are equivalent.

Class sky130_fd_sc_hd__inv_2 (0):  Merged 2 parallel devices.
Class sky130_fd_sc_hd__inv_2 (1):  Merged 2 parallel devices.
Subcircuit summary:
Circuit 1: sky130_fd_sc_hd__inv_2                                                 |Circuit 2: sky130_fd_sc_hd__inv_2                                                 
----------------------------------------------------------------------------------|----------------------------------------------------------------------------------
sky130_fd_pr__nfet_01v8 (2->1)                                                    |sky130_fd_pr__nfet_01v8 (2->1)                                                    
sky130_fd_pr__pfet_01v8_hvt (2->1)                                                |sky130_fd_pr__pfet_01v8_hvt (2->1)                                                
Number of devices: 2                                                              |Number of devices: 2                                                              
Number of nets: 6                                                                 |Number of nets: 6                                                                 
---------------------------------------------------------------------------------------------------------------------------------------------------------------------
Circuits match uniquely.
Netlists match uniquely.

Subcircuit pins:
Circuit 1: sky130_fd_sc_hd__inv_2                                                 |Circuit 2: sky130_fd_sc_hd__inv_2                                                 
----------------------------------------------------------------------------------|----------------------------------------------------------------------------------
VPWR                                                                              |VPWR                                                                              
VPB                                                                               |VPB                                                                               
VGND                                                                              |VGND                                                                              
VNB                                                                               |VNB                                                                               
Y                                                                                 |Y                                                                                 
A                                                                                 |A                                                                                 
---------------------------------------------------------------------------------------------------------------------------------------------------------------------
Cell pin lists are equivalent.
Device classes sky130_fd_sc_hd__inv_2 and sky130_fd_sc_hd__inv_2 are equivalent.

Subcircuit summary:
Circuit 1: dac                                                                    |Circuit 2: dac                                                                    
----------------------------------------------------------------------------------|----------------------------------------------------------------------------------
capacitor_array (1)                                                               |capacitor_array (1)                                                               
capacitor_switch16 (8)                                                            |capacitor_switch16 (8)                                                            
capacitor_switch8 (8)                                                             |capacitor_switch8 (8)                                                             
capacitor_switch4 (8)                                                             |capacitor_switch4 (8)                                                             
capacitor_switch2 (10)                                                            |capacitor_switch2 (10)                                                            
sky130_fd_sc_hd__bufbuf_16 (22)                                                   |sky130_fd_sc_hd__bufbuf_16 (22)                                                   
sky130_fd_sc_hd__diode_2 (43)                                                     |sky130_fd_sc_hd__diode_2 (43)                                                     
Number of devices: 100                                                            |Number of devices: 100                                                            
Number of nets: 95                                                                |Number of nets: 95                                                                
---------------------------------------------------------------------------------------------------------------------------------------------------------------------
Circuits match uniquely.
Netlists match uniquely.

Subcircuit pins:
Circuit 1: dac                                                                    |Circuit 2: dac                                                                    
----------------------------------------------------------------------------------|----------------------------------------------------------------------------------
VDD                                                                               |VDD                                                                               
VSS                                                                               |VSS                                                                               
sample_sw_buf_out                                                                 |sample_sw_buf_out                                                                 
sw_sp_n5                                                                          |sw_sp_n5                                                                          
sw_n5                                                                             |sw_n5                                                                             
sw_p5                                                                             |sw_p5                                                                             
sw_sp_p5                                                                          |sw_sp_p5                                                                          
sw_sp_n3                                                                          |sw_sp_n3                                                                          
sw_sp_n4                                                                          |sw_sp_n4                                                                          
sw_n3                                                                             |sw_n3                                                                             
sw_n4                                                                             |sw_n4                                                                             
sw_p4                                                                             |sw_p4                                                                             
sw_p3                                                                             |sw_p3                                                                             
sw_sp_p4                                                                          |sw_sp_p4                                                                          
sw_sp_p3                                                                          |sw_sp_p3                                                                          
sample_sw_buf_in                                                                  |sample_sw_buf_in                                                                  
sw_n2                                                                             |sw_n2                                                                             
sw_sp_n1                                                                          |sw_sp_n1                                                                          
sw_p2                                                                             |sw_p2                                                                             
sw_sp_p1                                                                          |sw_sp_p1                                                                          
sw_p1                                                                             |sw_p1                                                                             
sw_n1                                                                             |sw_n1                                                                             
sw_sp_p2                                                                          |sw_sp_p2                                                                          
sw_sp_n2                                                                          |sw_sp_n2                                                                          
sw_p6                                                                             |sw_p6                                                                             
sw_n6                                                                             |sw_n6                                                                             
sw_sp_p6                                                                          |sw_sp_p6                                                                          
sw_sp_n6                                                                          |sw_sp_n6                                                                          
Vin_p                                                                             |Vin_p                                                                             
Vin_n                                                                             |Vin_n                                                                             
sw_p8                                                                             |sw_p8                                                                             
sw_p7                                                                             |sw_p7                                                                             
sw_n8                                                                             |sw_n8                                                                             
sw_n7                                                                             |sw_n7                                                                             
sw_sp_p9                                                                          |sw_sp_p9                                                                          
sw_sp_p8                                                                          |sw_sp_p8                                                                          
sw_sp_p7                                                                          |sw_sp_p7                                                                          
sw_sp_n9                                                                          |sw_sp_n9                                                                          
sw_sp_n8                                                                          |sw_sp_n8                                                                          
sw_sp_n7                                                                          |sw_sp_n7                                                                          
---------------------------------------------------------------------------------------------------------------------------------------------------------------------
Cell pin lists are equivalent.
Device classes dac and dac are equivalent.
Flattening unmatched subcell sky130_fd_pr__nfet_01v8_9CME3F in circuit bootstrapped_sampling_switch (1)(4 instances)
Flattening unmatched subcell sky130_fd_pr__nfet_01v8_MRUJZ4 in circuit bootstrapped_sampling_switch (1)(2 instances)
Flattening unmatched subcell sky130_fd_pr__nfet_01v8_9CGS2F in circuit bootstrapped_sampling_switch (1)(6 instances)
Flattening unmatched subcell sky130_fd_pr__cap_mim_m3_1_6ZNTNB in circuit bootstrapped_sampling_switch (1)(18 instances)
Flattening unmatched subcell sky130_fd_pr__pfet_01v8_E9NJWS in circuit bootstrapped_sampling_switch (1)(4 instances)
Flattening unmatched subcell sky130_fd_pr__pfet_01v8_SKSN8V in circuit bootstrapped_sampling_switch (1)(2 instances)
Flattening unmatched subcell sky130_fd_pr__nfet_01v8_ZWFJZ8 in circuit bootstrapped_sampling_switch (1)(2 instances)
Flattening unmatched subcell sky130_fd_pr__nfet_01v8_P7BBP7 in circuit bootstrapped_sampling_switch (1)(2 instances)
Flattening unmatched subcell sky130_fd_pr__pfet_01v8_RQ978N in circuit bootstrapped_sampling_switch (1)(2 instances)

Class bootstrapped_sampling_switch (1):  Merged 68 parallel devices.
Subcircuit summary:
Circuit 1: bootstrapped_sampling_switch                                           |Circuit 2: bootstrapped_sampling_switch                                           
----------------------------------------------------------------------------------|----------------------------------------------------------------------------------
sky130_fd_pr__nfet_01v8 (60->16)                                                  |sky130_fd_pr__nfet_01v8 (60->16)                                                  
sky130_fd_pr__pfet_01v8 (16->8)                                                   |sky130_fd_pr__pfet_01v8 (16->8)                                                   
sky130_fd_pr__cap_mim_m3_1 (18->2)                                                |sky130_fd_pr__cap_mim_m3_1 (18->2)                                                
Number of devices: 26                                                             |Number of devices: 26                                                             
Number of nets: 19                                                                |Number of nets: 19                                                                
---------------------------------------------------------------------------------------------------------------------------------------------------------------------
Resolving automorphisms by property value.
Resolving automorphisms by pin name.
Netlists match uniquely.
Circuits match correctly.

Subcircuit pins:
Circuit 1: bootstrapped_sampling_switch                                           |Circuit 2: bootstrapped_sampling_switch                                           
----------------------------------------------------------------------------------|----------------------------------------------------------------------------------
Vout_n                                                                            |Vout_n                                                                            
Vout_p                                                                            |Vout_p                                                                            
Vin_n                                                                             |Vin_n                                                                             
Vin_p                                                                             |Vin_p                                                                             
VDD                                                                               |VDD                                                                               
Clk                                                                               |Clk                                                                               
VSS                                                                               |VSS                                                                               
---------------------------------------------------------------------------------------------------------------------------------------------------------------------
Cell pin lists are equivalent.
Device classes bootstrapped_sampling_switch and bootstrapped_sampling_switch are equivalent.
Flattening unmatched subcell sky130_fd_pr__nfet_01v8_ZZU2YL in circuit comparator (1)(4 instances)
Flattening unmatched subcell sky130_fd_pr__pfet_01v8_QPTUVJ in circuit comparator (1)(2 instances)
Flattening unmatched subcell sky130_fd_pr__pfet_01v8_FBQ47L in circuit comparator (1)(1 instance)
Flattening unmatched subcell sky130_fd_pr__pfet_01v8_5AQ4BN in circuit comparator (1)(1 instance)
Flattening unmatched subcell sky130_fd_pr__nfet_01v8_ZRN2GS in circuit comparator (1)(2 instances)
Flattening unmatched subcell sky130_fd_pr__nfet_01v8_ZCCU26 in circuit comparator (1)(1 instance)
Flattening unmatched subcell sky130_fd_pr__pfet_01v8_RPBXXN in circuit comparator (1)(2 instances)

Class comparator (1):  Merged 56 parallel devices.
Subcircuit summary:
Circuit 1: comparator                                                             |Circuit 2: comparator                                                             
----------------------------------------------------------------------------------|----------------------------------------------------------------------------------
sky130_fd_pr__pfet_01v8 (28->6)                                                   |sky130_fd_pr__pfet_01v8 (28->6)                                                   
sky130_fd_pr__nfet_01v8 (37->7)                                                   |sky130_fd_pr__nfet_01v8 (41->7)                                                   
sky130_fd_sc_hd__buf_1 (3)                                                        |sky130_fd_sc_hd__buf_1 (3)                                                        
sky130_fd_sc_hd__buf_4 (4)                                                        |sky130_fd_sc_hd__buf_4 (4)                                                        
sky130_fd_sc_hd__buf_8 (3)                                                        |sky130_fd_sc_hd__buf_8 (3)                                                        
sky130_fd_sc_hd__clkdlybuf4s15_1 (2)                                              |sky130_fd_sc_hd__clkdlybuf4s15_1 (2)                                              
sky130_fd_sc_hd__buf_2 (2)                                                        |sky130_fd_sc_hd__buf_2 (2)                                                        
sky130_fd_sc_hd__clkdlybuf4s50_1 (1)                                              |sky130_fd_sc_hd__clkdlybuf4s50_1 (1)                                              
sky130_fd_sc_hd__inv_2 (2)                                                        |sky130_fd_sc_hd__inv_2 (2)                                                        
Number of devices: 30                                                             |Number of devices: 30                                                             
Number of nets: 29                                                                |Number of nets: 29                                                                
---------------------------------------------------------------------------------------------------------------------------------------------------------------------
Resolving automorphisms by property value.
Resolving automorphisms by pin name.
Netlists match uniquely.
Circuits match correctly.

Subcircuit pins:
Circuit 1: comparator                                                             |Circuit 2: comparator                                                             
----------------------------------------------------------------------------------|----------------------------------------------------------------------------------
VSS                                                                               |VSS                                                                               
Out_p                                                                             |Out_p                                                                             
Out_n                                                                             |Out_n                                                                             
ext_clk                                                                           |ext_clk                                                                           
Vin_n                                                                             |Vin_n                                                                             
Vin_p                                                                             |Vin_p                                                                             
VDD                                                                               |VDD                                                                               
---------------------------------------------------------------------------------------------------------------------------------------------------------------------
Cell pin lists are equivalent.
Device classes comparator and comparator are equivalent.

Subcircuit summary:
Circuit 1: all_analog                                                             |Circuit 2: all_analog                                                             
----------------------------------------------------------------------------------|----------------------------------------------------------------------------------
dac (1)                                                                           |dac (1)                                                                           
bootstrapped_sampling_switch (1)                                                  |bootstrapped_sampling_switch (1)                                                  
comparator (1)                                                                    |comparator (1)                                                                    
sky130_fd_sc_hd__diode_2 (6)                                                      |sky130_fd_sc_hd__diode_2 (6)                                                      
Number of devices: 9                                                              |Number of devices: 9                                                              
Number of nets: 45                                                                |Number of nets: 45                                                                
---------------------------------------------------------------------------------------------------------------------------------------------------------------------
Circuits match uniquely.
Netlists match uniquely.

Subcircuit pins:
Circuit 1: all_analog                                                             |Circuit 2: all_analog                                                             
----------------------------------------------------------------------------------|----------------------------------------------------------------------------------
VDD                                                                               |VDD                                                                               
VSS                                                                               |VSS                                                                               
sw_sp_n7                                                                          |sw_sp_n7                                                                          
sw_sp_n6                                                                          |sw_sp_n6                                                                          
sw_sp_p6                                                                          |sw_sp_p6                                                                          
sw_sp_p8                                                                          |sw_sp_p8                                                                          
sw_sp_n8                                                                          |sw_sp_n8                                                                          
sw_sp_p7                                                                          |sw_sp_p7                                                                          
sw_sp_n9                                                                          |sw_sp_n9                                                                          
sw_sp_n5                                                                          |sw_sp_n5                                                                          
sw_sp_n4                                                                          |sw_sp_n4                                                                          
sw_sp_n3                                                                          |sw_sp_n3                                                                          
sw_sp_n2                                                                          |sw_sp_n2                                                                          
sw_sp_n1                                                                          |sw_sp_n1                                                                          
sw_sp_p5                                                                          |sw_sp_p5                                                                          
sw_sp_p4                                                                          |sw_sp_p4                                                                          
sw_sp_p3                                                                          |sw_sp_p3                                                                          
sw_sp_p2                                                                          |sw_sp_p2                                                                          
sw_sp_p1                                                                          |sw_sp_p1                                                                          
sw_n7                                                                             |sw_n7                                                                             
sw_n5                                                                             |sw_n5                                                                             
sw_n4                                                                             |sw_n4                                                                             
sw_n3                                                                             |sw_n3                                                                             
sw_n2                                                                             |sw_n2                                                                             
sw_n1                                                                             |sw_n1                                                                             
sw_p5                                                                             |sw_p5                                                                             
sw_p4                                                                             |sw_p4                                                                             
sw_p3                                                                             |sw_p3                                                                             
sw_p2                                                                             |sw_p2                                                                             
sw_p1                                                                             |sw_p1                                                                             
sw_sample_unbuf                                                                   |sw_sample_unbuf                                                                   
sw_p7                                                                             |sw_p7                                                                             
sw_n8                                                                             |sw_n8                                                                             
sw_n6                                                                             |sw_n6                                                                             
sw_p8                                                                             |sw_p8                                                                             
sw_p6                                                                             |sw_p6                                                                             
sw_sp_p9                                                                          |sw_sp_p9                                                                          
V_in_p                                                                            |V_in_p                                                                            
V_in_n                                                                            |V_in_n                                                                            
comp_out_n                                                                        |comp_out_n                                                                        
comp_out_p                                                                        |comp_out_p                                                                        
comparator_clk                                                                    |comparator_clk                                                                    
---------------------------------------------------------------------------------------------------------------------------------------------------------------------
Cell pin lists are equivalent.
Device classes all_analog and all_analog are equivalent.
Circuits match uniquely.
