Warning: Equate pins:  cell sky130_fd_pr__nfet_01v8 is a placeholder, treated as a black box.
Warning: Equate pins:  cell sky130_fd_pr__nfet_01v8 is a placeholder, treated as a black box.

Subcircuit pins:
Circuit 1: sky130_fd_pr__nfet_01v8         |Circuit 2: sky130_fd_pr__nfet_01v8         
-------------------------------------------|-------------------------------------------
1                                          |1                                          
2                                          |2                                          
3                                          |3                                          
4                                          |4                                          
---------------------------------------------------------------------------------------
Cell pin lists are equivalent.
Device classes sky130_fd_pr__nfet_01v8 and sky130_fd_pr__nfet_01v8 are equivalent.
Warning: Equate pins:  cell sky130_fd_pr__pfet_01v8 is a placeholder, treated as a black box.
Warning: Equate pins:  cell sky130_fd_pr__pfet_01v8 is a placeholder, treated as a black box.

Subcircuit pins:
Circuit 1: sky130_fd_pr__pfet_01v8         |Circuit 2: sky130_fd_pr__pfet_01v8         
-------------------------------------------|-------------------------------------------
1                                          |1                                          
2                                          |2                                          
3                                          |3                                          
4                                          |4                                          
---------------------------------------------------------------------------------------
Cell pin lists are equivalent.
Device classes sky130_fd_pr__pfet_01v8 and sky130_fd_pr__pfet_01v8 are equivalent.
Flattening unmatched subcell sky130_fd_pr__nfet_01v8_9CGS2F in circuit capacitor_switch8 (1)(1 instance)
Flattening unmatched subcell sky130_fd_pr__pfet_01v8_46WN3R in circuit capacitor_switch8 (1)(1 instance)
Flattening unmatched subcell sky130_fd_pr__nfet_01v8_5XXJZ8 in circuit capacitor_switch8 (1)(1 instance)
Flattening unmatched subcell sky130_fd_pr__pfet_01v8_CBMBZG in circuit capacitor_switch8 (1)(1 instance)
Flattening unmatched subcell sky130_fd_pr__nfet_01v8_ZDVJZL in circuit capacitor_switch8 (1)(1 instance)
Flattening unmatched subcell sky130_fd_pr__pfet_01v8_CBDHKH in circuit capacitor_switch8 (1)(1 instance)
Flattening unmatched subcell sky130_fd_pr__nfet_01v8_MRXJZU in circuit capacitor_switch8 (1)(1 instance)
Flattening unmatched subcell sky130_fd_pr__pfet_01v8_CBVRKH in circuit capacitor_switch8 (1)(1 instance)

Class capacitor_switch8 (1):  Merged 22 parallel devices.
Subcircuit summary:
Circuit 1: capacitor_switch8               |Circuit 2: capacitor_switch8               
-------------------------------------------|-------------------------------------------
sky130_fd_pr__nfet_01v8 (15->4)            |sky130_fd_pr__nfet_01v8 (15->4)            
sky130_fd_pr__pfet_01v8 (15->4)            |sky130_fd_pr__pfet_01v8 (15->4)            
Number of devices: 8                       |Number of devices: 8                       
Number of nets: 7                          |Number of nets: 7                          
---------------------------------------------------------------------------------------
Circuits match uniquely.
Netlists match uniquely.

Subcircuit pins:
Circuit 1: capacitor_switch8               |Circuit 2: capacitor_switch8               
-------------------------------------------|-------------------------------------------
VSS                                        |VSS                                        
VDD                                        |VDD                                        
Vin                                        |Vin                                        
Vout                                       |Vout                                       
---------------------------------------------------------------------------------------
Cell pin lists are equivalent.
Device classes capacitor_switch8 and capacitor_switch8 are equivalent.
Circuits match uniquely.
