Warning: Equate pins:  cell sky130_fd_pr__pfet_01v8 is a placeholder, treated as a black box.
Warning: Equate pins:  cell sky130_fd_pr__pfet_01v8 is a placeholder, treated as a black box.

Subcircuit pins:
Circuit 1: sky130_fd_pr__pfet_01v8         |Circuit 2: sky130_fd_pr__pfet_01v8         
-------------------------------------------|-------------------------------------------
1                                          |1                                          
2                                          |2                                          
3                                          |3                                          
4                                          |4                                          
---------------------------------------------------------------------------------------
Cell pin lists are equivalent.
Device classes sky130_fd_pr__pfet_01v8 and sky130_fd_pr__pfet_01v8 are equivalent.
Warning: Equate pins:  cell sky130_fd_pr__nfet_01v8 is a placeholder, treated as a black box.
Warning: Equate pins:  cell sky130_fd_pr__nfet_01v8 is a placeholder, treated as a black box.

Subcircuit pins:
Circuit 1: sky130_fd_pr__nfet_01v8         |Circuit 2: sky130_fd_pr__nfet_01v8         
-------------------------------------------|-------------------------------------------
1                                          |1                                          
2                                          |2                                          
3                                          |3                                          
4                                          |4                                          
---------------------------------------------------------------------------------------
Cell pin lists are equivalent.
Device classes sky130_fd_pr__nfet_01v8 and sky130_fd_pr__nfet_01v8 are equivalent.
Flattening unmatched subcell sky130_fd_pr__pfet_01v8_46WN3R in circuit capacitor_switch4 (1)(1 instance)
Flattening unmatched subcell sky130_fd_pr__nfet_01v8_ZZU2YL in circuit capacitor_switch4 (1)(1 instance)
Flattening unmatched subcell sky130_fd_pr__nfet_01v8_9CGS2F in circuit capacitor_switch4 (1)(1 instance)
Flattening unmatched subcell sky130_fd_pr__pfet_01v8_C7DZJH in circuit capacitor_switch4 (1)(1 instance)

Class capacitor_switch4 (1):  Merged 6 parallel devices.
Subcircuit summary:
Circuit 1: capacitor_switch4               |Circuit 2: capacitor_switch4               
-------------------------------------------|-------------------------------------------
sky130_fd_pr__nfet_01v8 (5->2)             |sky130_fd_pr__nfet_01v8 (5->2)             
sky130_fd_pr__pfet_01v8 (5->2)             |sky130_fd_pr__pfet_01v8 (5->2)             
Number of devices: 4                       |Number of devices: 4                       
Number of nets: 5                          |Number of nets: 5                          
---------------------------------------------------------------------------------------
Circuits match uniquely.
Netlists match uniquely.

Subcircuit pins:
Circuit 1: capacitor_switch4               |Circuit 2: capacitor_switch4               
-------------------------------------------|-------------------------------------------
Vin                                        |Vin                                        
Vout                                       |Vout                                       
VDD                                        |VDD                                        
VSS                                        |VSS                                        
---------------------------------------------------------------------------------------
Cell pin lists are equivalent.
Device classes capacitor_switch4 and capacitor_switch4 are equivalent.
Circuits match uniquely.
