Warning: Equate pins:  cell sky130_fd_pr__cap_mim_m3_1 is a placeholder, treated as a black box.
Warning: Equate pins:  cell sky130_fd_pr__cap_mim_m3_1 is a placeholder, treated as a black box.

Subcircuit pins:
Circuit 1: sky130_fd_pr__cap_mim_m3_1                                             |Circuit 2: sky130_fd_pr__cap_mim_m3_1                                             
----------------------------------------------------------------------------------|----------------------------------------------------------------------------------
1                                                                                 |1                                                                                 
2                                                                                 |2                                                                                 
---------------------------------------------------------------------------------------------------------------------------------------------------------------------
Cell pin lists are equivalent.
Device classes sky130_fd_pr__cap_mim_m3_1 and sky130_fd_pr__cap_mim_m3_1 are equivalent.
Warning: Equate pins:  cell sky130_fd_pr__nfet_01v8 is a placeholder, treated as a black box.
Warning: Equate pins:  cell sky130_fd_pr__nfet_01v8 is a placeholder, treated as a black box.

Subcircuit pins:
Circuit 1: sky130_fd_pr__nfet_01v8                                                |Circuit 2: sky130_fd_pr__nfet_01v8                                                
----------------------------------------------------------------------------------|----------------------------------------------------------------------------------
1                                                                                 |1                                                                                 
2                                                                                 |2                                                                                 
3                                                                                 |3                                                                                 
4                                                                                 |4                                                                                 
---------------------------------------------------------------------------------------------------------------------------------------------------------------------
Cell pin lists are equivalent.
Device classes sky130_fd_pr__nfet_01v8 and sky130_fd_pr__nfet_01v8 are equivalent.
Warning: Equate pins:  cell sky130_fd_pr__pfet_01v8 is a placeholder, treated as a black box.
Warning: Equate pins:  cell sky130_fd_pr__pfet_01v8 is a placeholder, treated as a black box.

Subcircuit pins:
Circuit 1: sky130_fd_pr__pfet_01v8                                                |Circuit 2: sky130_fd_pr__pfet_01v8                                                
----------------------------------------------------------------------------------|----------------------------------------------------------------------------------
1                                                                                 |1                                                                                 
2                                                                                 |2                                                                                 
3                                                                                 |3                                                                                 
4                                                                                 |4                                                                                 
---------------------------------------------------------------------------------------------------------------------------------------------------------------------
Cell pin lists are equivalent.
Device classes sky130_fd_pr__pfet_01v8 and sky130_fd_pr__pfet_01v8 are equivalent.
Warning: Equate pins:  cell sky130_fd_pr__pfet_01v8_hvt is a placeholder, treated as a black box.
Warning: Equate pins:  cell sky130_fd_pr__pfet_01v8_hvt is a placeholder, treated as a black box.

Subcircuit pins:
Circuit 1: sky130_fd_pr__pfet_01v8_hvt                                            |Circuit 2: sky130_fd_pr__pfet_01v8_hvt                                            
----------------------------------------------------------------------------------|----------------------------------------------------------------------------------
1                                                                                 |1                                                                                 
2                                                                                 |2                                                                                 
3                                                                                 |3                                                                                 
4                                                                                 |4                                                                                 
---------------------------------------------------------------------------------------------------------------------------------------------------------------------
Cell pin lists are equivalent.
Device classes sky130_fd_pr__pfet_01v8_hvt and sky130_fd_pr__pfet_01v8_hvt are equivalent.
Flattening unmatched subcell cap32 in circuit capacitor_array (1)(4 instances)
Flattening unmatched subcell sky130_fd_pr__cap_mim_m3_1_H9XL9H in circuit capacitor_array (1)(128 instances)
Flattening unmatched subcell cap8 in circuit capacitor_array (1)(4 instances)
Flattening unmatched subcell sky130_fd_pr__cap_mim_m3_1_H9XL9H in circuit capacitor_array (1)(32 instances)
Flattening unmatched subcell cap64 in circuit capacitor_array (1)(4 instances)
Flattening unmatched subcell sky130_fd_pr__cap_mim_m3_1_H9XL9H in circuit capacitor_array (1)(256 instances)
Flattening unmatched subcell cap4 in circuit capacitor_array (1)(4 instances)
Flattening unmatched subcell sky130_fd_pr__cap_mim_m3_1_H9XL9H in circuit capacitor_array (1)(16 instances)
Flattening unmatched subcell cap16 in circuit capacitor_array (1)(4 instances)
Flattening unmatched subcell sky130_fd_pr__cap_mim_m3_1_H9XL9H in circuit capacitor_array (1)(64 instances)
Flattening unmatched subcell cap2 in circuit capacitor_array (1)(4 instances)
Flattening unmatched subcell sky130_fd_pr__cap_mim_m3_1_H9XL9H in circuit capacitor_array (1)(8 instances)
Flattening unmatched subcell cap1 in circuit capacitor_array (1)(6 instances)
Flattening unmatched subcell sky130_fd_pr__cap_mim_m3_1_H9XL9H in circuit capacitor_array (1)(6 instances)
Flattening unmatched subcell cap128 in circuit capacitor_array (1)(4 instances)
Flattening unmatched subcell sky130_fd_pr__cap_mim_m3_1_H9XL9H in circuit capacitor_array (1)(512 instances)

Class capacitor_array (1):  Merged 988 parallel devices.
Subcircuit summary:
Circuit 1: capacitor_array                                                        |Circuit 2: capacitor_array                                                        
----------------------------------------------------------------------------------|----------------------------------------------------------------------------------
sky130_fd_pr__cap_mim_m3_1 (1022->34)                                             |sky130_fd_pr__cap_mim_m3_1 (1022->34)                                             
Number of devices: 34                                                             |Number of devices: 34                                                             
Number of nets: 36                                                                |Number of nets: 36                                                                
---------------------------------------------------------------------------------------------------------------------------------------------------------------------
Resolving automorphisms by property value.
Resolving automorphisms by pin name.
Netlists match uniquely.
Circuits match correctly.

Subcircuit pins:
Circuit 1: capacitor_array                                                        |Circuit 2: capacitor_array                                                        
----------------------------------------------------------------------------------|----------------------------------------------------------------------------------
Vin_p                                                                             |Vin_p                                                                             
Vin_n                                                                             |Vin_n                                                                             
sw_sp_p9                                                                          |sw_sp_p9                                                                          
sw_p8                                                                             |sw_p8                                                                             
sw_sp_p8                                                                          |sw_sp_p8                                                                          
sw_sp_n9                                                                          |sw_sp_n9                                                                          
sw_n8                                                                             |sw_n8                                                                             
sw_sp_n8                                                                          |sw_sp_n8                                                                          
sw_p7                                                                             |sw_p7                                                                             
sw_sp_p7                                                                          |sw_sp_p7                                                                          
sw_n7                                                                             |sw_n7                                                                             
sw_sp_n7                                                                          |sw_sp_n7                                                                          
sw_p6                                                                             |sw_p6                                                                             
sw_sp_p6                                                                          |sw_sp_p6                                                                          
sw_n6                                                                             |sw_n6                                                                             
sw_sp_n6                                                                          |sw_sp_n6                                                                          
sw_p5                                                                             |sw_p5                                                                             
sw_sp_p5                                                                          |sw_sp_p5                                                                          
sw_n5                                                                             |sw_n5                                                                             
sw_sp_n5                                                                          |sw_sp_n5                                                                          
sw_p4                                                                             |sw_p4                                                                             
sw_sp_p4                                                                          |sw_sp_p4                                                                          
sw_n4                                                                             |sw_n4                                                                             
sw_sp_n4                                                                          |sw_sp_n4                                                                          
sw_p3                                                                             |sw_p3                                                                             
sw_sp_p3                                                                          |sw_sp_p3                                                                          
sw_n3                                                                             |sw_n3                                                                             
sw_sp_n3                                                                          |sw_sp_n3                                                                          
sw_p2                                                                             |sw_p2                                                                             
sw_sp_p2                                                                          |sw_sp_p2                                                                          
sw_n2                                                                             |sw_n2                                                                             
sw_sp_n2                                                                          |sw_sp_n2                                                                          
sw_p1                                                                             |sw_p1                                                                             
sw_sp_p1                                                                          |sw_sp_p1                                                                          
sw_n1                                                                             |sw_n1                                                                             
sw_sp_n1                                                                          |sw_sp_n1                                                                          
---------------------------------------------------------------------------------------------------------------------------------------------------------------------
Cell pin lists are equivalent.
Device classes capacitor_array and capacitor_array are equivalent.
Flattening unmatched subcell sky130_fd_pr__pfet_01v8_46WN3R in circuit capacitor_switch16 (1)(1 instance)
Flattening unmatched subcell sky130_fd_pr__nfet_01v8_9CGS2F in circuit capacitor_switch16 (1)(1 instance)
Flattening unmatched subcell sky130_fd_pr__pfet_01v8_BBAHKR in circuit capacitor_switch16 (1)(1 instance)
Flattening unmatched subcell sky130_fd_pr__nfet_01v8_HRFJZU in circuit capacitor_switch16 (1)(1 instance)
Flattening unmatched subcell sky130_fd_pr__pfet_01v8_BBSRKR in circuit capacitor_switch16 (1)(1 instance)
Flattening unmatched subcell sky130_fd_pr__nfet_01v8_5EDJZL in circuit capacitor_switch16 (1)(1 instance)
Flattening unmatched subcell sky130_fd_pr__nfet_01v8_29RM5N in circuit capacitor_switch16 (1)(1 instance)
Flattening unmatched subcell sky130_fd_pr__pfet_01v8_2FR7QD in circuit capacitor_switch16 (1)(1 instance)

Class capacitor_switch16 (1):  Merged 50 parallel devices.
Subcircuit summary:
Circuit 1: capacitor_switch16                                                     |Circuit 2: capacitor_switch16                                                     
----------------------------------------------------------------------------------|----------------------------------------------------------------------------------
sky130_fd_pr__nfet_01v8 (29->4)                                                   |sky130_fd_pr__nfet_01v8 (29->4)                                                   
sky130_fd_pr__pfet_01v8 (29->4)                                                   |sky130_fd_pr__pfet_01v8 (29->4)                                                   
Number of devices: 8                                                              |Number of devices: 8                                                              
Number of nets: 7                                                                 |Number of nets: 7                                                                 
---------------------------------------------------------------------------------------------------------------------------------------------------------------------
Circuits match uniquely.
Netlists match uniquely.

Subcircuit pins:
Circuit 1: capacitor_switch16                                                     |Circuit 2: capacitor_switch16                                                     
----------------------------------------------------------------------------------|----------------------------------------------------------------------------------
VDD                                                                               |VDD                                                                               
VSS                                                                               |VSS                                                                               
Vin                                                                               |Vin                                                                               
Vout                                                                              |Vout                                                                              
---------------------------------------------------------------------------------------------------------------------------------------------------------------------
Cell pin lists are equivalent.
Device classes capacitor_switch16 and capacitor_switch16 are equivalent.
Flattening unmatched subcell sky130_fd_pr__nfet_01v8_9CGS2F in circuit capacitor_switch8 (1)(1 instance)
Flattening unmatched subcell sky130_fd_pr__pfet_01v8_46WN3R in circuit capacitor_switch8 (1)(1 instance)
Flattening unmatched subcell sky130_fd_pr__nfet_01v8_5XXJZ8 in circuit capacitor_switch8 (1)(1 instance)
Flattening unmatched subcell sky130_fd_pr__pfet_01v8_CBMBZG in circuit capacitor_switch8 (1)(1 instance)
Flattening unmatched subcell sky130_fd_pr__nfet_01v8_ZDVJZL in circuit capacitor_switch8 (1)(1 instance)
Flattening unmatched subcell sky130_fd_pr__pfet_01v8_CBDHKH in circuit capacitor_switch8 (1)(1 instance)
Flattening unmatched subcell sky130_fd_pr__nfet_01v8_MRXJZU in circuit capacitor_switch8 (1)(1 instance)
Flattening unmatched subcell sky130_fd_pr__pfet_01v8_CBVRKH in circuit capacitor_switch8 (1)(1 instance)

Class capacitor_switch8 (1):  Merged 22 parallel devices.
Subcircuit summary:
Circuit 1: capacitor_switch8                                                      |Circuit 2: capacitor_switch8                                                      
----------------------------------------------------------------------------------|----------------------------------------------------------------------------------
sky130_fd_pr__nfet_01v8 (15->4)                                                   |sky130_fd_pr__nfet_01v8 (15->4)                                                   
sky130_fd_pr__pfet_01v8 (15->4)                                                   |sky130_fd_pr__pfet_01v8 (15->4)                                                   
Number of devices: 8                                                              |Number of devices: 8                                                              
Number of nets: 7                                                                 |Number of nets: 7                                                                 
---------------------------------------------------------------------------------------------------------------------------------------------------------------------
Circuits match uniquely.
Netlists match uniquely.

Subcircuit pins:
Circuit 1: capacitor_switch8                                                      |Circuit 2: capacitor_switch8                                                      
----------------------------------------------------------------------------------|----------------------------------------------------------------------------------
VSS                                                                               |VSS                                                                               
VDD                                                                               |VDD                                                                               
Vin                                                                               |Vin                                                                               
Vout                                                                              |Vout                                                                              
---------------------------------------------------------------------------------------------------------------------------------------------------------------------
Cell pin lists are equivalent.
Device classes capacitor_switch8 and capacitor_switch8 are equivalent.
Flattening unmatched subcell sky130_fd_pr__pfet_01v8_46WN3R in circuit capacitor_switch4 (1)(1 instance)
Flattening unmatched subcell sky130_fd_pr__nfet_01v8_ZZU2YL in circuit capacitor_switch4 (1)(1 instance)
Flattening unmatched subcell sky130_fd_pr__nfet_01v8_9CGS2F in circuit capacitor_switch4 (1)(1 instance)
Flattening unmatched subcell sky130_fd_pr__pfet_01v8_C7DZJH in circuit capacitor_switch4 (1)(1 instance)

Class capacitor_switch4 (1):  Merged 6 parallel devices.
Subcircuit summary:
Circuit 1: capacitor_switch4                                                      |Circuit 2: capacitor_switch4                                                      
----------------------------------------------------------------------------------|----------------------------------------------------------------------------------
sky130_fd_pr__nfet_01v8 (5->2)                                                    |sky130_fd_pr__nfet_01v8 (5->2)                                                    
sky130_fd_pr__pfet_01v8 (5->2)                                                    |sky130_fd_pr__pfet_01v8 (5->2)                                                    
Number of devices: 4                                                              |Number of devices: 4                                                              
Number of nets: 5                                                                 |Number of nets: 5                                                                 
---------------------------------------------------------------------------------------------------------------------------------------------------------------------
Circuits match uniquely.
Netlists match uniquely.

Subcircuit pins:
Circuit 1: capacitor_switch4                                                      |Circuit 2: capacitor_switch4                                                      
----------------------------------------------------------------------------------|----------------------------------------------------------------------------------
Vin                                                                               |Vin                                                                               
Vout                                                                              |Vout                                                                              
VDD                                                                               |VDD                                                                               
VSS                                                                               |VSS                                                                               
---------------------------------------------------------------------------------------------------------------------------------------------------------------------
Cell pin lists are equivalent.
Device classes capacitor_switch4 and capacitor_switch4 are equivalent.
Flattening unmatched subcell sky130_fd_pr__pfet_01v8_S6MTYS in circuit capacitor_switch2 (1)(1 instance)
Flattening unmatched subcell sky130_fd_pr__nfet_01v8_9CME3F in circuit capacitor_switch2 (1)(1 instance)
Flattening unmatched subcell sky130_fd_pr__nfet_01v8_Z2KCLS in circuit capacitor_switch2 (1)(1 instance)
Flattening unmatched subcell sky130_fd_pr__pfet_01v8_5AWN3K in circuit capacitor_switch2 (1)(1 instance)

Class capacitor_switch2 (1):  Merged 1 parallel devices.
Subcircuit summary:
Circuit 1: capacitor_switch2                                                      |Circuit 2: capacitor_switch2                                                      
----------------------------------------------------------------------------------|----------------------------------------------------------------------------------
sky130_fd_pr__nfet_01v8 (3->2)                                                    |sky130_fd_pr__nfet_01v8 (2)                                                       
sky130_fd_pr__pfet_01v8 (3->2)                                                    |sky130_fd_pr__pfet_01v8 (3->2)                                                    
Number of devices: 4                                                              |Number of devices: 4                                                              
Number of nets: 5                                                                 |Number of nets: 5                                                                 
---------------------------------------------------------------------------------------------------------------------------------------------------------------------
Circuits match uniquely.
Netlists match uniquely.

Subcircuit pins:
Circuit 1: capacitor_switch2                                                      |Circuit 2: capacitor_switch2                                                      
----------------------------------------------------------------------------------|----------------------------------------------------------------------------------
Vout                                                                              |Vout                                                                              
Vin                                                                               |Vin                                                                               
VDD                                                                               |VDD                                                                               
VSS                                                                               |VSS                                                                               
---------------------------------------------------------------------------------------------------------------------------------------------------------------------
Cell pin lists are equivalent.
Device classes capacitor_switch2 and capacitor_switch2 are equivalent.

Class sky130_fd_sc_hd__bufbuf_16 (0):  Merged 44 parallel devices.
Class sky130_fd_sc_hd__bufbuf_16 (1):  Merged 44 parallel devices.
Subcircuit summary:
Circuit 1: sky130_fd_sc_hd__bufbuf_16                                             |Circuit 2: sky130_fd_sc_hd__bufbuf_16                                             
----------------------------------------------------------------------------------|----------------------------------------------------------------------------------
sky130_fd_pr__pfet_01v8_hvt (26->4)                                               |sky130_fd_pr__pfet_01v8_hvt (26->4)                                               
sky130_fd_pr__nfet_01v8 (26->4)                                                   |sky130_fd_pr__nfet_01v8 (26->4)                                                   
Number of devices: 8                                                              |Number of devices: 8                                                              
Number of nets: 9                                                                 |Number of nets: 9                                                                 
---------------------------------------------------------------------------------------------------------------------------------------------------------------------
Circuits match uniquely.
Netlists match uniquely.

Subcircuit pins:
Circuit 1: sky130_fd_sc_hd__bufbuf_16                                             |Circuit 2: sky130_fd_sc_hd__bufbuf_16                                             
----------------------------------------------------------------------------------|----------------------------------------------------------------------------------
VPWR                                                                              |VPWR                                                                              
VPB                                                                               |VPB                                                                               
VGND                                                                              |VGND                                                                              
VNB                                                                               |VNB                                                                               
X                                                                                 |X                                                                                 
A                                                                                 |A                                                                                 
---------------------------------------------------------------------------------------------------------------------------------------------------------------------
Cell pin lists are equivalent.
Device classes sky130_fd_sc_hd__bufbuf_16 and sky130_fd_sc_hd__bufbuf_16 are equivalent.

Cell sky130_fd_sc_hd__diode_2 (0) disconnected node: VGND
Cell sky130_fd_sc_hd__diode_2 (0) disconnected node: VPB
Cell sky130_fd_sc_hd__diode_2 (0) disconnected node: VPWR
Cell sky130_fd_sc_hd__diode_2 (1) disconnected node: VGND
Cell sky130_fd_sc_hd__diode_2 (1) disconnected node: VPB
Cell sky130_fd_sc_hd__diode_2 (1) disconnected node: VPWR
Subcircuit summary:
Circuit 1: sky130_fd_sc_hd__diode_2                                               |Circuit 2: sky130_fd_sc_hd__diode_2                                               
----------------------------------------------------------------------------------|----------------------------------------------------------------------------------
sky130_fd_pr__diode_pw2nd_05v5 (1)                                                |sky130_fd_pr__diode_pw2nd_05v5 (1)                                                
Number of devices: 1                                                              |Number of devices: 1                                                              
Number of nets: 2                                                                 |Number of nets: 2                                                                 
---------------------------------------------------------------------------------------------------------------------------------------------------------------------
Circuits match uniquely.
Netlists match uniquely.

Subcircuit pins:
Circuit 1: sky130_fd_sc_hd__diode_2                                               |Circuit 2: sky130_fd_sc_hd__diode_2                                               
----------------------------------------------------------------------------------|----------------------------------------------------------------------------------
VNB                                                                               |VNB                                                                               
DIODE                                                                             |DIODE                                                                             
VGND                                                                              |VGND                                                                              
VPB                                                                               |VPB                                                                               
VPWR                                                                              |VPWR                                                                              
---------------------------------------------------------------------------------------------------------------------------------------------------------------------
Cell pin lists are equivalent.
Device classes sky130_fd_sc_hd__diode_2 and sky130_fd_sc_hd__diode_2 are equivalent.

Subcircuit summary:
Circuit 1: dac                                                                    |Circuit 2: dac                                                                    
----------------------------------------------------------------------------------|----------------------------------------------------------------------------------
capacitor_array (1)                                                               |capacitor_array (1)                                                               
capacitor_switch16 (8)                                                            |capacitor_switch16 (8)                                                            
capacitor_switch8 (8)                                                             |capacitor_switch8 (8)                                                             
capacitor_switch4 (8)                                                             |capacitor_switch4 (8)                                                             
capacitor_switch2 (10)                                                            |capacitor_switch2 (10)                                                            
sky130_fd_sc_hd__bufbuf_16 (22)                                                   |sky130_fd_sc_hd__bufbuf_16 (22)                                                   
sky130_fd_sc_hd__diode_2 (43)                                                     |sky130_fd_sc_hd__diode_2 (43)                                                     
Number of devices: 100                                                            |Number of devices: 100                                                            
Number of nets: 95                                                                |Number of nets: 95                                                                
---------------------------------------------------------------------------------------------------------------------------------------------------------------------
Circuits match uniquely.
Netlists match uniquely.

Subcircuit pins:
Circuit 1: dac                                                                    |Circuit 2: dac                                                                    
----------------------------------------------------------------------------------|----------------------------------------------------------------------------------
VDD                                                                               |VDD                                                                               
VSS                                                                               |VSS                                                                               
sample_sw_buf_out                                                                 |sample_sw_buf_out                                                                 
sw_sp_n5                                                                          |sw_sp_n5                                                                          
sw_n5                                                                             |sw_n5                                                                             
sw_p5                                                                             |sw_p5                                                                             
sw_sp_p5                                                                          |sw_sp_p5                                                                          
sw_sp_n3                                                                          |sw_sp_n3                                                                          
sw_sp_n4                                                                          |sw_sp_n4                                                                          
sw_n3                                                                             |sw_n3                                                                             
sw_n4                                                                             |sw_n4                                                                             
sw_p4                                                                             |sw_p4                                                                             
sw_p3                                                                             |sw_p3                                                                             
sw_sp_p4                                                                          |sw_sp_p4                                                                          
sw_sp_p3                                                                          |sw_sp_p3                                                                          
sample_sw_buf_in                                                                  |sample_sw_buf_in                                                                  
sw_n2                                                                             |sw_n2                                                                             
sw_sp_n1                                                                          |sw_sp_n1                                                                          
sw_p2                                                                             |sw_p2                                                                             
sw_sp_p1                                                                          |sw_sp_p1                                                                          
sw_p1                                                                             |sw_p1                                                                             
sw_n1                                                                             |sw_n1                                                                             
sw_sp_p2                                                                          |sw_sp_p2                                                                          
sw_sp_n2                                                                          |sw_sp_n2                                                                          
sw_p6                                                                             |sw_p6                                                                             
sw_n6                                                                             |sw_n6                                                                             
sw_sp_p6                                                                          |sw_sp_p6                                                                          
sw_sp_n6                                                                          |sw_sp_n6                                                                          
Vin_p                                                                             |Vin_p                                                                             
Vin_n                                                                             |Vin_n                                                                             
sw_p8                                                                             |sw_p8                                                                             
sw_p7                                                                             |sw_p7                                                                             
sw_n8                                                                             |sw_n8                                                                             
sw_n7                                                                             |sw_n7                                                                             
sw_sp_p9                                                                          |sw_sp_p9                                                                          
sw_sp_p8                                                                          |sw_sp_p8                                                                          
sw_sp_p7                                                                          |sw_sp_p7                                                                          
sw_sp_n9                                                                          |sw_sp_n9                                                                          
sw_sp_n8                                                                          |sw_sp_n8                                                                          
sw_sp_n7                                                                          |sw_sp_n7                                                                          
---------------------------------------------------------------------------------------------------------------------------------------------------------------------
Cell pin lists are equivalent.
Device classes dac and dac are equivalent.
Circuits match uniquely.
