Warning: Equate pins:  cell sky130_fd_pr__pfet_01v8_hvt is a placeholder, treated as a black box.
Warning: Equate pins:  cell sky130_fd_pr__pfet_01v8_hvt is a placeholder, treated as a black box.

Subcircuit pins:
Circuit 1: sky130_fd_pr__pfet_01v8_hvt     |Circuit 2: sky130_fd_pr__pfet_01v8_hvt     
-------------------------------------------|-------------------------------------------
1                                          |1                                          
2                                          |2                                          
3                                          |3                                          
4                                          |4                                          
---------------------------------------------------------------------------------------
Cell pin lists are equivalent.
Device classes sky130_fd_pr__pfet_01v8_hvt and sky130_fd_pr__pfet_01v8_hvt are equivalent.
Warning: Equate pins:  cell sky130_fd_pr__nfet_01v8 is a placeholder, treated as a black box.
Warning: Equate pins:  cell sky130_fd_pr__nfet_01v8 is a placeholder, treated as a black box.

Subcircuit pins:
Circuit 1: sky130_fd_pr__nfet_01v8         |Circuit 2: sky130_fd_pr__nfet_01v8         
-------------------------------------------|-------------------------------------------
1                                          |1                                          
2                                          |2                                          
3                                          |3                                          
4                                          |4                                          
---------------------------------------------------------------------------------------
Cell pin lists are equivalent.
Device classes sky130_fd_pr__nfet_01v8 and sky130_fd_pr__nfet_01v8 are equivalent.

Subcircuit summary:
Circuit 1: sky130_fd_sc_hd__inv_1          |Circuit 2: sky130_fd_sc_hd__inv_1          
-------------------------------------------|-------------------------------------------
sky130_fd_pr__nfet_01v8 (1)                |sky130_fd_pr__nfet_01v8 (1)                
sky130_fd_pr__pfet_01v8_hvt (1)            |sky130_fd_pr__pfet_01v8_hvt (1)            
Number of devices: 2                       |Number of devices: 2                       
Number of nets: 6                          |Number of nets: 6                          
---------------------------------------------------------------------------------------
Circuits match uniquely.
Netlists match uniquely.

Subcircuit pins:
Circuit 1: sky130_fd_sc_hd__inv_1          |Circuit 2: sky130_fd_sc_hd__inv_1          
-------------------------------------------|-------------------------------------------
Y                                          |Y                                          
A                                          |A                                          
VGND                                       |VGND                                       
VNB                                        |VNB                                        
VPWR                                       |VPWR                                       
VPB                                        |VPB                                        
---------------------------------------------------------------------------------------
Cell pin lists are equivalent.
Device classes sky130_fd_sc_hd__inv_1 and sky130_fd_sc_hd__inv_1 are equivalent.
Flattening unmatched subcell sky130_fd_sc_hd__and2_0 in circuit sar-adc (0)(1 instance)
Flattening unmatched subcell sky130_fd_pr__res_generic_m1_MZR69S in circuit sar-adc (1)(4 instances)

Flattening instances of sky130_fd_sc_hd__inv_1 in cell sar-adc (1) makes a better match
Making another compare attempt.

Subcircuit summary:
Circuit 1: sar-adc                         |Circuit 2: sar-adc                         
-------------------------------------------|-------------------------------------------
sky130_fd_pr__res_generic_m1 (4)           |sky130_fd_pr__res_generic_m1 (4)           
sky130_fd_pr__pfet_01v8_hvt (3)            |sky130_fd_pr__pfet_01v8_hvt (1) **Mismatch 
sky130_fd_pr__nfet_01v8 (3)                |sky130_fd_pr__nfet_01v8 (1) **Mismatch**   
Number of devices: 10 **Mismatch**         |Number of devices: 6 **Mismatch**          
Number of nets: 11 **Mismatch**            |Number of nets: 8 **Mismatch**             
---------------------------------------------------------------------------------------
NET mismatches: Class fragments follow (with fanout counts):
Circuit 1: sar-adc                         |Circuit 2: sar-adc                         

---------------------------------------------------------------------------------------
Net: sky130_fd_sc_hd__and2_0:2/a_123_47#   |Net: Clk                                   
  sky130_fd_pr__nfet_01v8/(1|3) = 2        |  sky130_fd_pr__nfet_01v8/2 = 1            
                                           |  sky130_fd_pr__pfet_01v8_hvt/2 = 1        
                                           |                                           
Net: VDD                                   |Net: VDD                                   
  sky130_fd_pr__pfet_01v8_hvt/(1|3) = 3    |  sky130_fd_pr__pfet_01v8_hvt/(1|3) = 1    
  sky130_fd_pr__pfet_01v8_hvt/4 = 3        |  sky130_fd_pr__pfet_01v8_hvt/4 = 1        
                                           |                                           
Net: VSS                                   |Net: VSS                                   
  sky130_fd_pr__res_generic_m1/(end_a|end_ |  sky130_fd_pr__res_generic_m1/(end_a|end_ 
  sky130_fd_pr__nfet_01v8/(1|3) = 2        |  sky130_fd_pr__nfet_01v8/(1|3) = 1        
  sky130_fd_pr__nfet_01v8/4 = 3            |  sky130_fd_pr__nfet_01v8/4 = 1            
                                           |                                           
Net: sky130_fd_sc_hd__and2_0:2/a_40_47#    |(no matching net)                          
  sky130_fd_pr__pfet_01v8_hvt/(1|3) = 2    |                                           
  sky130_fd_pr__nfet_01v8/(1|3) = 1        |                                           
  sky130_fd_pr__nfet_01v8/2 = 1            |                                           
  sky130_fd_pr__pfet_01v8_hvt/2 = 1        |                                           
---------------------------------------------------------------------------------------
Netlists do not match.
Netlists do not match.
